{"C:\\Users\\Said\\Documents\\VSCodeProjects\\To-Do-List\\src\\modules\\allow-newline.js": {"path":"C:\\Users\\Said\\Documents\\VSCodeProjects\\To-Do-List\\src\\modules\\allow-newline.js","statementMap":{"0":{"start":{"line":7,"column":2},"end":{"line":9,"column":3}},"1":{"start":{"line":8,"column":4},"end":{"line":8,"column":35}},"2":{"start":{"line":10,"column":2},"end":{"line":10,"column":13}}},"fnMap":{"0":{"name":"(anonymous_0)","decl":{"start":{"line":6,"column":15},"end":{"line":6,"column":16}},"loc":{"start":{"line":6,"column":24},"end":{"line":11,"column":1}},"line":6}},"branchMap":{"0":{"loc":{"start":{"line":7,"column":2},"end":{"line":9,"column":3}},"type":"if","locations":[{"start":{"line":7,"column":2},"end":{"line":9,"column":3}},{"start":{},"end":{}}],"line":7}},"s":{"0":0,"1":0,"2":0},"f":{"0":0},"b":{"0":[0,0]},"_coverageSchema":"1a1c01bbd47fc00a2c39e90264f33305004495a9","hash":"5cdcdb44de34a5bf9952f335d1e00018c6840241"}
,"C:\\Users\\Said\\Documents\\VSCodeProjects\\To-Do-List\\src\\modules\\task.js": {"path":"C:\\Users\\Said\\Documents\\VSCodeProjects\\To-Do-List\\src\\modules\\task.js","statementMap":{"0":{"start":{"line":4,"column":4},"end":{"line":4,"column":23}},"1":{"start":{"line":5,"column":4},"end":{"line":5,"column":35}},"2":{"start":{"line":6,"column":4},"end":{"line":6,"column":31}}},"fnMap":{"0":{"name":"(anonymous_0)","decl":{"start":{"line":3,"column":2},"end":{"line":3,"column":3}},"loc":{"start":{"line":3,"column":57},"end":{"line":7,"column":3}},"line":3}},"branchMap":{"0":{"loc":{"start":{"line":3,"column":14},"end":{"line":3,"column":23}},"type":"default-arg","locations":[{"start":{"line":3,"column":22},"end":{"line":3,"column":23}}],"line":3},"1":{"loc":{"start":{"line":3,"column":38},"end":{"line":3,"column":55}},"type":"default-arg","locations":[{"start":{"line":3,"column":50},"end":{"line":3,"column":55}}],"line":3}},"s":{"0":2,"1":2,"2":2},"f":{"0":2},"b":{"0":[0],"1":[2]},"_coverageSchema":"1a1c01bbd47fc00a2c39e90264f33305004495a9","hash":"f03dde9ad98933649078c1474c51bbb275b75d87"}
,"C:\\Users\\Said\\Documents\\VSCodeProjects\\To-Do-List\\src\\modules\\taskList.js": {"path":"C:\\Users\\Said\\Documents\\VSCodeProjects\\To-Do-List\\src\\modules\\taskList.js","statementMap":{"0":{"start":{"line":6,"column":4},"end":{"line":6,"column":83}},"1":{"start":{"line":11,"column":20},"end":{"line":11,"column":56}},"2":{"start":{"line":12,"column":4},"end":{"line":18,"column":5}},"3":{"start":{"line":13,"column":6},"end":{"line":13,"column":52}},"4":{"start":{"line":13,"column":24},"end":{"line":13,"column":52}},"5":{"start":{"line":14,"column":6},"end":{"line":14,"column":25}},"6":{"start":{"line":15,"column":6},"end":{"line":15,"column":70}},"7":{"start":{"line":16,"column":6},"end":{"line":16,"column":32}},"8":{"start":{"line":17,"column":6},"end":{"line":17,"column":24}},"9":{"start":{"line":22,"column":23},"end":{"line":24,"column":3}},"10":{"start":{"line":23,"column":4},"end":{"line":23,"column":58}},"11":{"start":{"line":28,"column":4},"end":{"line":30,"column":7}},"12":{"start":{"line":29,"column":6},"end":{"line":29,"column":25}},"13":{"start":{"line":31,"column":4},"end":{"line":31,"column":30}},"14":{"start":{"line":32,"column":4},"end":{"line":32,"column":22}},"15":{"start":{"line":37,"column":4},"end":{"line":37,"column":32}},"16":{"start":{"line":38,"column":4},"end":{"line":38,"column":25}},"17":{"start":{"line":43,"column":4},"end":{"line":43,"column":68}},"18":{"start":{"line":43,"column":51},"end":{"line":43,"column":66}},"19":{"start":{"line":44,"column":4},"end":{"line":44,"column":25}},"20":{"start":{"line":47,"column":16},"end":{"line":47,"column":42}},"21":{"start":{"line":47,"column":22},"end":{"line":47,"column":42}},"22":{"start":{"line":50,"column":14},"end":{"line":53,"column":3}},"23":{"start":{"line":51,"column":4},"end":{"line":51,"column":50}},"24":{"start":{"line":52,"column":4},"end":{"line":52,"column":25}},"25":{"start":{"line":57,"column":17},"end":{"line":57,"column":53}},"26":{"start":{"line":58,"column":20},"end":{"line":58,"column":54}},"27":{"start":{"line":59,"column":4},"end":{"line":59,"column":24}},"28":{"start":{"line":60,"column":4},"end":{"line":68,"column":7}},"29":{"start":{"line":61,"column":6},"end":{"line":67,"column":13}},"30":{"start":{"line":69,"column":4},"end":{"line":69,"column":43}},"31":{"start":{"line":70,"column":4},"end":{"line":70,"column":29}},"32":{"start":{"line":75,"column":16},"end":{"line":75,"column":20}},"33":{"start":{"line":79,"column":20},"end":{"line":79,"column":73}},"34":{"start":{"line":80,"column":6},"end":{"line":80,"column":69}},"35":{"start":{"line":81,"column":6},"end":{"line":81,"column":100}},"36":{"start":{"line":82,"column":6},"end":{"line":82,"column":31}},"37":{"start":{"line":87,"column":6},"end":{"line":87,"column":43}},"38":{"start":{"line":88,"column":6},"end":{"line":88,"column":52}},"39":{"start":{"line":89,"column":6},"end":{"line":89,"column":52}},"40":{"start":{"line":92,"column":4},"end":{"line":116,"column":7}},"41":{"start":{"line":94,"column":23},"end":{"line":94,"column":91}},"42":{"start":{"line":95,"column":6},"end":{"line":95,"column":59}},"43":{"start":{"line":96,"column":6},"end":{"line":96,"column":40}},"44":{"start":{"line":99,"column":26},"end":{"line":99,"column":95}},"45":{"start":{"line":100,"column":6},"end":{"line":102,"column":9}},"46":{"start":{"line":101,"column":8},"end":{"line":101,"column":61}},"47":{"start":{"line":105,"column":6},"end":{"line":111,"column":9}},"48":{"start":{"line":106,"column":8},"end":{"line":110,"column":16}},"49":{"start":{"line":107,"column":10},"end":{"line":107,"column":66}},"50":{"start":{"line":108,"column":10},"end":{"line":108,"column":65}},"51":{"start":{"line":109,"column":10},"end":{"line":109,"column":35}},"52":{"start":{"line":114,"column":21},"end":{"line":114,"column":78}},"53":{"start":{"line":115,"column":6},"end":{"line":115,"column":73}},"54":{"start":{"line":115,"column":45},"end":{"line":115,"column":71}},"55":{"start":{"line":118,"column":24},"end":{"line":118,"column":66}},"56":{"start":{"line":119,"column":4},"end":{"line":119,"column":67}},"57":{"start":{"line":119,"column":48},"end":{"line":119,"column":65}},"58":{"start":{"line":122,"column":19},"end":{"line":122,"column":52}},"59":{"start":{"line":123,"column":4},"end":{"line":123,"column":60}},"60":{"start":{"line":123,"column":43},"end":{"line":123,"column":58}}},"fnMap":{"0":{"name":"(anonymous_0)","decl":{"start":{"line":5,"column":2},"end":{"line":5,"column":3}},"loc":{"start":{"line":5,"column":16},"end":{"line":7,"column":3}},"line":5},"1":{"name":"(anonymous_1)","decl":{"start":{"line":10,"column":2},"end":{"line":10,"column":3}},"loc":{"start":{"line":10,"column":23},"end":{"line":19,"column":3}},"line":10},"2":{"name":"(anonymous_2)","decl":{"start":{"line":22,"column":23},"end":{"line":22,"column":24}},"loc":{"start":{"line":22,"column":29},"end":{"line":24,"column":3}},"line":22},"3":{"name":"(anonymous_3)","decl":{"start":{"line":27,"column":2},"end":{"line":27,"column":3}},"loc":{"start":{"line":27,"column":18},"end":{"line":33,"column":3}},"line":27},"4":{"name":"(anonymous_4)","decl":{"start":{"line":28,"column":26},"end":{"line":28,"column":27}},"loc":{"start":{"line":28,"column":43},"end":{"line":30,"column":5}},"line":28},"5":{"name":"(anonymous_5)","decl":{"start":{"line":36,"column":2},"end":{"line":36,"column":3}},"loc":{"start":{"line":36,"column":17},"end":{"line":39,"column":3}},"line":36},"6":{"name":"(anonymous_6)","decl":{"start":{"line":42,"column":2},"end":{"line":42,"column":3}},"loc":{"start":{"line":42,"column":16},"end":{"line":45,"column":3}},"line":42},"7":{"name":"(anonymous_7)","decl":{"start":{"line":43,"column":41},"end":{"line":43,"column":42}},"loc":{"start":{"line":43,"column":51},"end":{"line":43,"column":66}},"line":43},"8":{"name":"(anonymous_8)","decl":{"start":{"line":47,"column":16},"end":{"line":47,"column":17}},"loc":{"start":{"line":47,"column":22},"end":{"line":47,"column":42}},"line":47},"9":{"name":"(anonymous_9)","decl":{"start":{"line":50,"column":14},"end":{"line":50,"column":15}},"loc":{"start":{"line":50,"column":20},"end":{"line":53,"column":3}},"line":50},"10":{"name":"(anonymous_10)","decl":{"start":{"line":56,"column":2},"end":{"line":56,"column":3}},"loc":{"start":{"line":56,"column":15},"end":{"line":71,"column":3}},"line":56},"11":{"name":"(anonymous_11)","decl":{"start":{"line":60,"column":26},"end":{"line":60,"column":27}},"loc":{"start":{"line":60,"column":36},"end":{"line":68,"column":5}},"line":60},"12":{"name":"(anonymous_12)","decl":{"start":{"line":74,"column":2},"end":{"line":74,"column":3}},"loc":{"start":{"line":74,"column":22},"end":{"line":124,"column":3}},"line":74},"13":{"name":"toggleCompleted","decl":{"start":{"line":78,"column":13},"end":{"line":78,"column":28}},"loc":{"start":{"line":78,"column":32},"end":{"line":83,"column":5}},"line":78},"14":{"name":"toggleEditMode","decl":{"start":{"line":86,"column":13},"end":{"line":86,"column":27}},"loc":{"start":{"line":86,"column":36},"end":{"line":90,"column":5}},"line":86},"15":{"name":"(anonymous_15)","decl":{"start":{"line":92,"column":26},"end":{"line":92,"column":27}},"loc":{"start":{"line":92,"column":36},"end":{"line":116,"column":5}},"line":92},"16":{"name":"(anonymous_16)","decl":{"start":{"line":100,"column":44},"end":{"line":100,"column":45}},"loc":{"start":{"line":100,"column":51},"end":{"line":102,"column":7}},"line":100},"17":{"name":"(anonymous_17)","decl":{"start":{"line":105,"column":43},"end":{"line":105,"column":44}},"loc":{"start":{"line":105,"column":49},"end":{"line":111,"column":7}},"line":105},"18":{"name":"(anonymous_18)","decl":{"start":{"line":106,"column":19},"end":{"line":106,"column":20}},"loc":{"start":{"line":106,"column":25},"end":{"line":110,"column":9}},"line":106},"19":{"name":"(anonymous_19)","decl":{"start":{"line":115,"column":39},"end":{"line":115,"column":40}},"loc":{"start":{"line":115,"column":45},"end":{"line":115,"column":71}},"line":115},"20":{"name":"(anonymous_20)","decl":{"start":{"line":119,"column":42},"end":{"line":119,"column":43}},"loc":{"start":{"line":119,"column":48},"end":{"line":119,"column":65}},"line":119},"21":{"name":"(anonymous_21)","decl":{"start":{"line":123,"column":37},"end":{"line":123,"column":38}},"loc":{"start":{"line":123,"column":43},"end":{"line":123,"column":58}},"line":123}},"branchMap":{"0":{"loc":{"start":{"line":6,"column":20},"end":{"line":6,"column":82}},"type":"cond-expr","locations":[{"start":{"line":6,"column":44},"end":{"line":6,"column":77}},{"start":{"line":6,"column":80},"end":{"line":6,"column":82}}],"line":6},"1":{"loc":{"start":{"line":12,"column":4},"end":{"line":18,"column":5}},"type":"if","locations":[{"start":{"line":12,"column":4},"end":{"line":18,"column":5}},{"start":{},"end":{}}],"line":12},"2":{"loc":{"start":{"line":12,"column":8},"end":{"line":12,"column":36}},"type":"binary-expr","locations":[{"start":{"line":12,"column":8},"end":{"line":12,"column":19}},{"start":{"line":12,"column":23},"end":{"line":12,"column":36}}],"line":12},"3":{"loc":{"start":{"line":13,"column":6},"end":{"line":13,"column":52}},"type":"if","locations":[{"start":{"line":13,"column":6},"end":{"line":13,"column":52}},{"start":{},"end":{}}],"line":13},"4":{"loc":{"start":{"line":63,"column":49},"end":{"line":63,"column":83}},"type":"cond-expr","locations":[{"start":{"line":63,"column":66},"end":{"line":63,"column":78}},{"start":{"line":63,"column":81},"end":{"line":63,"column":83}}],"line":63}},"s":{"0":1,"1":3,"2":3,"3":2,"4":0,"5":2,"6":2,"7":2,"8":2,"9":1,"10":3,"11":1,"12":1,"13":1,"14":1,"15":1,"16":1,"17":0,"18":0,"19":0,"20":1,"21":3,"22":1,"23":0,"24":0,"25":3,"26":3,"27":3,"28":3,"29":4,"30":3,"31":3,"32":3,"33":0,"34":0,"35":0,"36":0,"37":0,"38":0,"39":0,"40":3,"41":4,"42":4,"43":4,"44":4,"45":4,"46":0,"47":4,"48":0,"49":0,"50":0,"51":0,"52":4,"53":4,"54":0,"55":3,"56":3,"57":0,"58":3,"59":3,"60":0},"f":{"0":1,"1":3,"2":3,"3":1,"4":1,"5":1,"6":0,"7":0,"8":3,"9":0,"10":3,"11":4,"12":3,"13":0,"14":0,"15":4,"16":0,"17":0,"18":0,"19":0,"20":0,"21":0},"b":{"0":[0,1],"1":[2,1],"2":[3,1],"3":[0,2],"4":[0,4]},"_coverageSchema":"1a1c01bbd47fc00a2c39e90264f33305004495a9","hash":"d98a7192e66238f05e996110d844d7c669305c6f"}
}
