TN:
SF:src\modules\allow-newline.js
FN:6,(anonymous_0)
FNF:1
FNH:1
FNDA:1,(anonymous_0)
DA:7,1
DA:8,0
DA:10,1
LF:3
LH:2
BRDA:7,0,0,0
BRDA:7,0,1,1
BRF:2
BRH:1
end_of_record
TN:
SF:src\modules\task.js
FN:3,(anonymous_0)
FNF:1
FNH:0
FNDA:0,(anonymous_0)
DA:4,0
DA:5,0
DA:6,0
LF:3
LH:0
BRDA:3,0,0,0
BRDA:3,1,0,0
BRF:2
BRH:0
end_of_record
TN:
SF:src\modules\taskList.js
FN:5,(anonymous_0)
FN:10,(anonymous_1)
FN:22,(anonymous_2)
FN:27,(anonymous_3)
FN:28,(anonymous_4)
FN:36,(anonymous_5)
FN:42,(anonymous_6)
FN:43,(anonymous_7)
FN:47,(anonymous_8)
FN:50,(anonymous_9)
FN:56,(anonymous_10)
FN:60,(anonymous_11)
FN:74,(anonymous_12)
FN:78,toggleCompleted
FN:86,toggleEditMode
FN:92,(anonymous_15)
FN:100,(anonymous_16)
FN:105,(anonymous_17)
FN:106,(anonymous_18)
FN:115,(anonymous_19)
FN:119,(anonymous_20)
FN:123,(anonymous_21)
FNF:22
FNH:11
FNDA:4,(anonymous_0)
FNDA:0,(anonymous_1)
FNDA:3,(anonymous_2)
FNDA:1,(anonymous_3)
FNDA:2,(anonymous_4)
FNDA:0,(anonymous_5)
FNDA:1,(anonymous_6)
FNDA:4,(anonymous_7)
FNDA:3,(anonymous_8)
FNDA:0,(anonymous_9)
FNDA:3,(anonymous_10)
FNDA:10,(anonymous_11)
FNDA:3,(anonymous_12)
FNDA:0,toggleCompleted
FNDA:0,toggleEditMode
FNDA:10,(anonymous_15)
FNDA:0,(anonymous_16)
FNDA:0,(anonymous_17)
FNDA:0,(anonymous_18)
FNDA:0,(anonymous_19)
FNDA:0,(anonymous_20)
FNDA:0,(anonymous_21)
DA:6,4
DA:11,0
DA:12,0
DA:13,0
DA:14,0
DA:15,0
DA:16,0
DA:17,0
DA:22,4
DA:23,3
DA:28,1
DA:29,2
DA:31,1
DA:32,1
DA:37,0
DA:38,0
DA:43,4
DA:44,1
DA:47,4
DA:50,4
DA:51,0
DA:52,0
DA:57,3
DA:58,3
DA:59,3
DA:60,3
DA:61,10
DA:69,3
DA:70,3
DA:75,3
DA:79,0
DA:80,0
DA:81,0
DA:82,0
DA:87,0
DA:88,0
DA:89,0
DA:92,3
DA:94,10
DA:95,10
DA:96,10
DA:99,10
DA:100,10
DA:101,0
DA:105,10
DA:106,0
DA:107,0
DA:108,0
DA:109,0
DA:114,10
DA:115,10
DA:118,3
DA:119,3
DA:122,3
DA:123,3
LF:55
LH:32
BRDA:6,0,0,0
BRDA:6,0,1,4
BRDA:12,1,0,0
BRDA:12,1,1,0
BRDA:12,2,0,0
BRDA:12,2,1,0
BRDA:13,3,0,0
BRDA:13,3,1,0
BRDA:63,4,0,4
BRDA:63,4,1,6
BRF:10
BRH:3
end_of_record
