TN:
SF:src\modules\allow-newline.js
FN:6,(anonymous_0)
FNF:1
FNH:0
FNDA:0,(anonymous_0)
DA:7,0
DA:8,0
DA:10,0
LF:3
LH:0
BRDA:7,0,0,0
BRDA:7,0,1,0
BRF:2
BRH:0
end_of_record
TN:
SF:src\modules\task.js
FN:3,(anonymous_0)
FNF:1
FNH:1
FNDA:2,(anonymous_0)
DA:4,2
DA:5,2
DA:6,2
LF:3
LH:3
BRDA:3,0,0,0
BRDA:3,1,0,2
BRF:2
BRH:1
end_of_record
TN:
SF:src\modules\taskList.js
FN:5,(anonymous_0)
FN:10,(anonymous_1)
FN:22,(anonymous_2)
FN:27,(anonymous_3)
FN:28,(anonymous_4)
FN:36,(anonymous_5)
FN:42,(anonymous_6)
FN:43,(anonymous_7)
FN:47,(anonymous_8)
FN:50,(anonymous_9)
FN:56,(anonymous_10)
FN:60,(anonymous_11)
FN:74,(anonymous_12)
FN:78,toggleCompleted
FN:86,toggleEditMode
FN:92,(anonymous_15)
FN:100,(anonymous_16)
FN:105,(anonymous_17)
FN:106,(anonymous_18)
FN:115,(anonymous_19)
FN:119,(anonymous_20)
FN:123,(anonymous_21)
FNF:22
FNH:11
FNDA:1,(anonymous_0)
FNDA:3,(anonymous_1)
FNDA:3,(anonymous_2)
FNDA:1,(anonymous_3)
FNDA:1,(anonymous_4)
FNDA:1,(anonymous_5)
FNDA:0,(anonymous_6)
FNDA:0,(anonymous_7)
FNDA:3,(anonymous_8)
FNDA:0,(anonymous_9)
FNDA:3,(anonymous_10)
FNDA:4,(anonymous_11)
FNDA:3,(anonymous_12)
FNDA:0,toggleCompleted
FNDA:0,toggleEditMode
FNDA:4,(anonymous_15)
FNDA:0,(anonymous_16)
FNDA:0,(anonymous_17)
FNDA:0,(anonymous_18)
FNDA:0,(anonymous_19)
FNDA:0,(anonymous_20)
FNDA:0,(anonymous_21)
DA:6,1
DA:11,3
DA:12,3
DA:13,2
DA:14,2
DA:15,2
DA:16,2
DA:17,2
DA:22,1
DA:23,3
DA:28,1
DA:29,1
DA:31,1
DA:32,1
DA:37,1
DA:38,1
DA:43,0
DA:44,0
DA:47,3
DA:50,1
DA:51,0
DA:52,0
DA:57,3
DA:58,3
DA:59,3
DA:60,3
DA:61,4
DA:69,3
DA:70,3
DA:75,3
DA:79,0
DA:80,0
DA:81,0
DA:82,0
DA:87,0
DA:88,0
DA:89,0
DA:92,3
DA:94,4
DA:95,4
DA:96,4
DA:99,4
DA:100,4
DA:101,0
DA:105,4
DA:106,0
DA:107,0
DA:108,0
DA:109,0
DA:114,4
DA:115,4
DA:118,3
DA:119,3
DA:122,3
DA:123,3
LF:55
LH:39
BRDA:6,0,0,0
BRDA:6,0,1,1
BRDA:12,1,0,2
BRDA:12,1,1,1
BRDA:12,2,0,3
BRDA:12,2,1,1
BRDA:13,3,0,0
BRDA:13,3,1,2
BRDA:63,4,0,0
BRDA:63,4,1,4
BRF:10
BRH:7
end_of_record
